14:50:59.582 [DEBUG] [org.gradle.launcher.daemon.bootstrap.DaemonMain] Assuming the daemon was started with following jvm opts: [-XX:MaxPermSize=256m, -XX:+HeapDumpOnOutOfMemoryError, -Xmx1024m, -Dfile.encoding=UTF-8, -Duser.country=AR, -Duser.language=es, -Duser.variant]
14:50:59.666 [INFO] [org.gradle.launcher.daemon.server.Daemon] start() called on daemon - DefaultDaemonContext[uid=d6513350-0ac5-45ad-a94d-9375872982c7,javaHome=/usr/lib/jvm/java-7-oracle,daemonRegistryDir=/home/jmlopez/Documentos/algo/daemon,pid=27006,idleTimeout=10800000,daemonOpts=-XX:MaxPermSize=256m,-XX:+HeapDumpOnOutOfMemoryError,-Xmx1024m,-Dfile.encoding=UTF-8,-Duser.country=AR,-Duser.language=es,-Duser.variant]
14:50:59.676 [DEBUG] [org.gradle.internal.remote.internal.inet.InetAddresses] Adding IP addresses for network interface vmnet8
14:50:59.676 [DEBUG] [org.gradle.internal.remote.internal.inet.InetAddresses] Is this a loopback interface? false
14:50:59.676 [DEBUG] [org.gradle.internal.remote.internal.inet.InetAddresses] Is this a multicast interface? true
14:50:59.676 [DEBUG] [org.gradle.internal.remote.internal.inet.InetAddresses] Adding remote address /fe80:0:0:0:250:56ff:fec0:8%4
14:50:59.676 [DEBUG] [org.gradle.internal.remote.internal.inet.InetAddresses] Adding remote address /192.168.250.1
14:50:59.677 [DEBUG] [org.gradle.internal.remote.internal.inet.InetAddresses] Adding remote multicast interface vmnet8
14:50:59.677 [DEBUG] [org.gradle.internal.remote.internal.inet.InetAddresses] Adding IP addresses for network interface vmnet1
14:50:59.677 [DEBUG] [org.gradle.internal.remote.internal.inet.InetAddresses] Is this a loopback interface? false
14:50:59.678 [DEBUG] [org.gradle.internal.remote.internal.inet.InetAddresses] Is this a multicast interface? true
14:50:59.678 [DEBUG] [org.gradle.internal.remote.internal.inet.InetAddresses] Adding remote address /fe80:0:0:0:250:56ff:fec0:1%3
14:50:59.678 [DEBUG] [org.gradle.internal.remote.internal.inet.InetAddresses] Adding remote address /192.168.65.1
14:50:59.678 [DEBUG] [org.gradle.internal.remote.internal.inet.InetAddresses] Adding remote multicast interface vmnet1
14:50:59.678 [DEBUG] [org.gradle.internal.remote.internal.inet.InetAddresses] Adding IP addresses for network interface eth0
14:50:59.679 [DEBUG] [org.gradle.internal.remote.internal.inet.InetAddresses] Is this a loopback interface? false
14:50:59.679 [DEBUG] [org.gradle.internal.remote.internal.inet.InetAddresses] Is this a multicast interface? true
14:50:59.679 [DEBUG] [org.gradle.internal.remote.internal.inet.InetAddresses] Adding remote address /fe80:0:0:0:16dd:a9ff:fe95:bfac%2
14:50:59.679 [DEBUG] [org.gradle.internal.remote.internal.inet.InetAddresses] Adding remote address /10.230.10.94
14:50:59.679 [DEBUG] [org.gradle.internal.remote.internal.inet.InetAddresses] Adding remote multicast interface eth0
14:50:59.679 [DEBUG] [org.gradle.internal.remote.internal.inet.InetAddresses] Adding IP addresses for network interface lo
14:50:59.680 [DEBUG] [org.gradle.internal.remote.internal.inet.InetAddresses] Is this a loopback interface? true
14:50:59.680 [DEBUG] [org.gradle.internal.remote.internal.inet.InetAddresses] Is this a multicast interface? false
14:50:59.680 [DEBUG] [org.gradle.internal.remote.internal.inet.InetAddresses] Adding loopback address /0:0:0:0:0:0:0:1%1
14:50:59.680 [DEBUG] [org.gradle.internal.remote.internal.inet.InetAddresses] Adding loopback address /127.0.0.1
14:50:59.681 [DEBUG] [org.gradle.internal.remote.internal.inet.TcpIncomingConnector] Listening on [a1d8f314-fcc3-474e-ac84-7afedc04dab4 port:35132, addresses:[/0:0:0:0:0:0:0:1%1, /127.0.0.1]].
14:50:59.683 [DEBUG] [org.gradle.launcher.daemon.server.Daemon] Daemon starting at: Fri Jun 23 14:50:59 ART 2017, with address: [a1d8f314-fcc3-474e-ac84-7afedc04dab4 port:35132, addresses:[/0:0:0:0:0:0:0:1%1, /127.0.0.1]]
14:50:59.684 [INFO] [org.gradle.launcher.daemon.server.DaemonRegistryUpdater] Advertising the daemon address to the clients: [a1d8f314-fcc3-474e-ac84-7afedc04dab4 port:35132, addresses:[/0:0:0:0:0:0:0:1%1, /127.0.0.1]]
14:50:59.684 [DEBUG] [org.gradle.launcher.daemon.server.DaemonRegistryUpdater] Advertised daemon context: DefaultDaemonContext[uid=d6513350-0ac5-45ad-a94d-9375872982c7,javaHome=/usr/lib/jvm/java-7-oracle,daemonRegistryDir=/home/jmlopez/Documentos/algo/daemon,pid=27006,idleTimeout=10800000,daemonOpts=-XX:MaxPermSize=256m,-XX:+HeapDumpOnOutOfMemoryError,-Xmx1024m,-Dfile.encoding=UTF-8,-Duser.country=AR,-Duser.language=es,-Duser.variant]
14:50:59.685 [DEBUG] [org.gradle.launcher.daemon.registry.PersistentDaemonRegistry] Storing daemon address: [a1d8f314-fcc3-474e-ac84-7afedc04dab4 port:35132, addresses:[/0:0:0:0:0:0:0:1%1, /127.0.0.1]], context: DefaultDaemonContext[uid=d6513350-0ac5-45ad-a94d-9375872982c7,javaHome=/usr/lib/jvm/java-7-oracle,daemonRegistryDir=/home/jmlopez/Documentos/algo/daemon,pid=27006,idleTimeout=10800000,daemonOpts=-XX:MaxPermSize=256m,-XX:+HeapDumpOnOutOfMemoryError,-Xmx1024m,-Dfile.encoding=UTF-8,-Duser.country=AR,-Duser.language=es,-Duser.variant]
14:50:59.695 [DEBUG] [org.gradle.cache.internal.DefaultFileLockManager] Waiting to acquire exclusive lock on daemon addresses registry.
14:50:59.696 [DEBUG] [org.gradle.cache.internal.DefaultFileLockManager] Lock acquired on daemon addresses registry.
14:50:59.701 [DEBUG] [org.gradle.cache.internal.DefaultFileLockManager] Releasing lock on daemon addresses registry.
14:50:59.701 [LIFECYCLE] [org.gradle.launcher.daemon.server.Daemon] Daemon server started.
14:50:59.703 [DEBUG] [org.gradle.launcher.daemon.bootstrap.DaemonStartupCommunication] Completed writing the daemon greeting. Closing streams...
14:50:59.705 [DEBUG] [org.gradle.internal.remote.internal.inet.TcpIncomingConnector] Accepted connection from /0:0:0:0:0:0:0:1:37251 to /0:0:0:0:0:0:0:1:35132.
14:50:59.708 [DEBUG] [org.gradle.launcher.daemon.server.Daemon] stopOnExpiration() called on daemon
14:50:59.709 [DEBUG] [org.gradle.launcher.daemon.server.Daemon] awaitExpiration() called on daemon
14:50:59.710 [DEBUG] [org.gradle.launcher.daemon.server.DaemonStateCoordinator] daemon is running. Sleeping until state changes.
14:50:59.755 [DEBUG] [org.gradle.launcher.daemon.server.SynchronizedDispatchConnection] thread 14: received class org.gradle.launcher.daemon.protocol.Build
14:50:59.755 [DEBUG] [org.gradle.launcher.daemon.server.DefaultDaemonConnection] thread 14: Received non-IO message from client: Build{id=04e1fcd3-fc3a-4297-bcb4-36e7be27f1fc.1, currentDir=/home/jmlopez/Downloads/eclipse}
14:50:59.756 [INFO] [org.gradle.launcher.daemon.server.DefaultIncomingConnectionHandler] Received command: Build{id=04e1fcd3-fc3a-4297-bcb4-36e7be27f1fc.1, currentDir=/home/jmlopez/Downloads/eclipse}.
14:50:59.756 [DEBUG] [org.gradle.launcher.daemon.server.DefaultIncomingConnectionHandler] Starting executing command: Build{id=04e1fcd3-fc3a-4297-bcb4-36e7be27f1fc.1, currentDir=/home/jmlopez/Downloads/eclipse} with connection: socket connection from /0:0:0:0:0:0:0:1:35132 to /0:0:0:0:0:0:0:1:37251.
14:50:59.758 [ERROR] [org.gradle.launcher.daemon.server.DaemonStateCoordinator] Command execution: started DaemonCommandExecution[command = Build{id=04e1fcd3-fc3a-4297-bcb4-36e7be27f1fc.1, currentDir=/home/jmlopez/Downloads/eclipse}, connection = DefaultDaemonConnection: socket connection from /0:0:0:0:0:0:0:1:35132 to /0:0:0:0:0:0:0:1:37251] after 0.0 minutes of idle
14:50:59.758 [INFO] [org.gradle.launcher.daemon.server.DaemonRegistryUpdater] Marking the daemon as busy, address: [a1d8f314-fcc3-474e-ac84-7afedc04dab4 port:35132, addresses:[/0:0:0:0:0:0:0:1%1, /127.0.0.1]]
14:50:59.758 [DEBUG] [org.gradle.launcher.daemon.registry.PersistentDaemonRegistry] Marking busy by address: [a1d8f314-fcc3-474e-ac84-7afedc04dab4 port:35132, addresses:[/0:0:0:0:0:0:0:1%1, /127.0.0.1]]
14:50:59.759 [DEBUG] [org.gradle.cache.internal.DefaultFileLockManager] Waiting to acquire exclusive lock on daemon addresses registry.
14:50:59.759 [DEBUG] [org.gradle.cache.internal.DefaultFileLockManager] Lock acquired on daemon addresses registry.
14:50:59.760 [DEBUG] [org.gradle.cache.internal.DefaultFileLockManager] Releasing lock on daemon addresses registry.
14:50:59.760 [DEBUG] [org.gradle.launcher.daemon.server.DaemonStateCoordinator] resetting idle timer
14:50:59.760 [DEBUG] [org.gradle.launcher.daemon.server.DaemonStateCoordinator] daemon is running. Sleeping until state changes.
14:50:59.761 [INFO] [org.gradle.launcher.daemon.server.exec.StartBuildOrRespondWithBusy] Daemon is about to start building Build{id=04e1fcd3-fc3a-4297-bcb4-36e7be27f1fc.1, currentDir=/home/jmlopez/Downloads/eclipse}. Dispatching build started information...
14:50:59.761 [DEBUG] [org.gradle.launcher.daemon.server.SynchronizedDispatchConnection] thread 16: dispatching class org.gradle.launcher.daemon.protocol.BuildStarted
14:50:59.764 [DEBUG] [org.gradle.launcher.daemon.server.exec.EstablishBuildEnvironment] Configuring env variables: {TERM=xterm, XDG_SESSION_PATH=/org/freedesktop/DisplayManager/Session0, SSH_AGENT_PID=2457, JAVA_HOME=, J2REDIR=/jre, GREEN=[32m, LESSCLOSE=/usr/bin/lesspipe %s %s, J2SDKDIR=, SESSION_MANAGER=local/jmlopez:@/tmp/.ICE-unix/2298,unix/jmlopez:/tmp/.ICE-unix/2298, RESET=(B[m, LC_NUMERIC=es_AR.UTF-8, GDMSESSION=mate, MANDATORY_PATH=/usr/share/gconf/mate.mandatory.path, PWD=/home/jmlopez/Downloads/eclipse, MAGENTA=[35m, XDG_GREETER_DATA_DIR=/var/lib/lightdm-data/jmlopez, PS1=\[[34m\][\[[1m[35m\]\u@\h \[[32m\]\w\[[1m\]$(is_on_git && [[ -n $(git branch 2> /dev/null) ]] && echo ":")\[[31m\]$(parse_git_branch)\[(B[m\]\[[34m\]]\[(B[m\]$ , ORANGE=[34m, GDK_CORE_DEVICE_EVENTS=1, NLSPATH=/usr/dt/lib/nls/msg/%L/%N.cat, TEXTDOMAIN=im-config, LC_ADDRESS=es_AR.UTF-8, EDITOR=vi, MATE_DESKTOP_SESSION_ID=this-is-deprecated, BOLD=[1m, M2_HOME=/usr/share/maven-2.2.1, XDG_CONFIG_DIRS=/etc/xdg/xdg-mate:/etc/xdg, PATH=/usr/local/sbin:/usr/local/bin:/usr/sbin:/usr/bin:/sbin:/bin:/usr/games:/usr/local/games:/home//bin:, XDG_CURRENT_DESKTOP=MATE, LIBOVERLAY_SCROLLBAR=0, QT_LINUX_ACCESSIBILITY_ALWAYS_ON=1, GDM_LANG=es_AR, XAUTHORITY=/home/jmlopez/.Xauthority, XDG_SEAT=seat0, XDG_SESSION_ID=c2, XDG_SEAT_PATH=/org/freedesktop/DisplayManager/Seat0, XDG_VTNR=7, PURPLE=[31m, LC_TIME=es_AR.UTF-8, DESKTOP_AUTOSTART_ID=10de95d19eab2e9d89149822365291087900000022980009, GNOME_KEYRING_CONTROL=/run/user/1001/keyring-0O46i1, GTK_MODULES=gail:atk-bridge:canberra-gtk-module:canberra-gtk-module:canberra-gtk-module, LC_TELEPHONE=es_AR.UTF-8, SHLVL=1, TEXTDOMAINDIR=/usr/share/locale/, XFILESEARCHPATH=/usr/dt/app-defaults/%L/Dt, LC_NAME=es_AR.UTF-8, PROMPT_COMMAND=RETRN_VAL=$?;logger -p local6.info "$(whoami) [$$] $SSH_CONNECTION: $(history 1 | sed "s/^[ ]*[0-9]\+[ ]*//" ) [$RETRN_VAL]", XDG_DATA_DIRS=/usr/share/mate:/usr/local/share/:/usr/share/, JDK_HOME=, LC_PAPER=es_AR.UTF-8, LOGNAME=jmlopez, GPG_AGENT_INFO=/run/user/1001/keyring-0O46i1/gpg:0:1, LC_IDENTIFICATION=es_AR.UTF-8, DERBY_HOME=/db, _=./eclipse, SSH_AUTH_SOCK=/run/user/1001/keyring-0O46i1/ssh, WHITE=[37m, OLDPWD=/home/jmlopez/Downloads, SHELL=/bin/bash, DBUS_SESSION_BUS_ADDRESS=unix:abstract=/tmp/dbus-9hxnfK0lVi,guid=57a611c01614198296c8b3b6594d1423, GNOME_KEYRING_PID=2295, LANGUAGE=es_AR:es:en, QT_ACCESSIBILITY=1, DESKTOP_SESSION=mate, DISPLAY=:0, LC_MONETARY=es_AR.UTF-8, USER=jmlopez, HOME=/home/jmlopez, LESSOPEN=| /usr/bin/lesspipe %s, DEFAULTS_PATH=/usr/share/gconf/mate.default.path, QT_STYLE_OVERRIDE=gtk, LS_COLORS=rs=0:di=01;34:ln=01;36:mh=00:pi=40;33:so=01;35:do=01;35:bd=40;33;01:cd=40;33;01:or=40;31;01:su=37;41:sg=30;43:ca=30;41:tw=30;42:ow=34;42:st=37;44:ex=01;32:*.tar=01;31:*.tgz=01;31:*.arj=01;31:*.taz=01;31:*.lzh=01;31:*.lzma=01;31:*.tlz=01;31:*.txz=01;31:*.zip=01;31:*.z=01;31:*.Z=01;31:*.dz=01;31:*.gz=01;31:*.lz=01;31:*.xz=01;31:*.bz2=01;31:*.bz=01;31:*.tbz=01;31:*.tbz2=01;31:*.tz=01;31:*.deb=01;31:*.rpm=01;31:*.jar=01;31:*.war=01;31:*.ear=01;31:*.sar=01;31:*.rar=01;31:*.ace=01;31:*.zoo=01;31:*.cpio=01;31:*.7z=01;31:*.rz=01;31:*.jpg=01;35:*.jpeg=01;35:*.gif=01;35:*.bmp=01;35:*.pbm=01;35:*.pgm=01;35:*.ppm=01;35:*.tga=01;35:*.xbm=01;35:*.xpm=01;35:*.tif=01;35:*.tiff=01;35:*.png=01;35:*.svg=01;35:*.svgz=01;35:*.mng=01;35:*.pcx=01;35:*.mov=01;35:*.mpg=01;35:*.mpeg=01;35:*.m2v=01;35:*.mkv=01;35:*.webm=01;35:*.ogm=01;35:*.mp4=01;35:*.m4v=01;35:*.mp4v=01;35:*.vob=01;35:*.qt=01;35:*.nuv=01;35:*.wmv=01;35:*.asf=01;35:*.rm=01;35:*.rmvb=01;35:*.flc=01;35:*.avi=01;35:*.fli=01;35:*.flv=01;35:*.gl=01;35:*.dl=01;35:*.xcf=01;35:*.xwd=01;35:*.yuv=01;35:*.cgm=01;35:*.emf=01;35:*.axv=01;35:*.anx=01;35:*.ogv=01;35:*.ogx=01;35:*.aac=00;36:*.au=00;36:*.flac=00;36:*.mid=00;36:*.midi=00;36:*.mka=00;36:*.mp3=00;36:*.mpc=00;36:*.ogg=00;36:*.ra=00;36:*.wav=00;36:*.axa=00;36:*.oga=00;36:*.spx=00;36:*.xspf=00;36:, LC_MEASUREMENT=es_AR.UTF-8, XDG_RUNTIME_DIR=/run/user/1001, LANG=es_AR.UTF-8, OXYGEN_DISABLE_INNER_SHADOWS_HACK=1}
14:50:59.769 [DEBUG] [org.gradle.launcher.daemon.server.exec.LogToClient] About to start relaying all logs to the client via the connection.
14:50:59.769 [INFO] [org.gradle.launcher.daemon.server.exec.LogToClient] The client will now receive all logging from the daemon (pid: 27006). The daemon log file: /home/jmlopez/Documentos/algo/daemon/3.4.1/daemon-27006.out.log
14:50:59.770 [INFO] [org.gradle.launcher.daemon.server.exec.LogAndCheckHealth] Starting build in new daemon [memory: 954,7 MB]
14:50:59.774 [DEBUG] [org.gradle.launcher.daemon.server.exec.ExecuteBuild] The daemon has started executing the build.
14:50:59.774 [INFO] [org.gradle.launcher.daemon.server.exec.ExecuteBuild] Executing build with daemon context: DefaultDaemonContext[uid=d6513350-0ac5-45ad-a94d-9375872982c7,javaHome=/usr/lib/jvm/java-7-oracle,daemonRegistryDir=/home/jmlopez/Documentos/algo/daemon,pid=27006,idleTimeout=10800000,daemonOpts=-XX:MaxPermSize=256m,-XX:+HeapDumpOnOutOfMemoryError,-Xmx1024m,-Dfile.encoding=UTF-8,-Duser.country=AR,-Duser.language=es,-Duser.variant]
14:50:59.881 [INFO] [org.gradle.cache.internal.DefaultCacheAccess] Creating new cache for fileHashes, path /home/jmlopez/Documentos/algo/caches/3.4.1/fileHashes/fileHashes.bin, access org.gradle.cache.internal.DefaultCacheAccess@39a1e81a
14:50:59.904 [DEBUG] [org.gradle.api.internal.changedetection.state.InMemoryTaskArtifactCache] Creating in-memory store for cache /home/jmlopez/Documentos/algo/caches/3.4.1/fileHashes/fileHashes.bin (max size: 400000)
14:50:59.906 [DEBUG] [org.gradle.cache.internal.LockOnDemandCrossProcessCacheAccess] Acquiring file lock for file hash cache (/home/jmlopez/Documentos/algo/caches/3.4.1/fileHashes)
14:50:59.906 [DEBUG] [org.gradle.cache.internal.DefaultFileLockManager] Waiting to acquire exclusive lock on file hash cache (/home/jmlopez/Documentos/algo/caches/3.4.1/fileHashes).
14:50:59.906 [DEBUG] [org.gradle.cache.internal.DefaultFileLockManager] Lock acquired on file hash cache (/home/jmlopez/Documentos/algo/caches/3.4.1/fileHashes).
14:50:59.907 [DEBUG] [org.gradle.cache.internal.locklistener.DefaultFileLockContentionHandler] Starting file lock listener thread.
14:50:59.979 [INFO] [org.gradle.cache.internal.DefaultCacheAccess] Creating new cache for plugin-use-metadata, path /home/jmlopez/Documentos/algo/caches/3.4.1/plugin-resolution/plugin-use-metadata.bin, access org.gradle.cache.internal.DefaultCacheAccess@533f582a
14:50:59.980 [INFO] [org.gradle.cache.internal.DefaultCacheAccess] Creating new cache for client-status, path /home/jmlopez/Documentos/algo/caches/3.4.1/plugin-resolution/client-status.bin, access org.gradle.cache.internal.DefaultCacheAccess@533f582a
:clean
:compileJava
:processResources
:classes
:findMainClass
:bootRun

  .   ____          _            __ _ _
 /\\ / ___'_ __ _ _(_)_ __  __ _ \ \ \ \
( ( )\___ | '_ | '_| | '_ \/ _` | \ \ \ \
 \\/  ___)| |_)| | | | | || (_| |  ) ) ) )
  '  |____| .__|_| |_|_| |_\__, | / / / /
 =========|_|==============|___/=/_/_/_/
 :: Spring Boot ::        (v1.5.3.RELEASE)

2017-06-23 14:51:04.567  INFO 27107 --- [           main] com.probando.algo.AlgoApplication        : Starting AlgoApplication on jmlopez with PID 27107 (/home/jmlopez/Documentos/algo/build/classes/main started by jmlopez in /home/jmlopez/Documentos/algo)
2017-06-23 14:51:04.572  INFO 27107 --- [           main] com.probando.algo.AlgoApplication        : No active profile set, falling back to default profiles: default
2017-06-23 14:51:04.627  INFO 27107 --- [           main] ationConfigEmbeddedWebApplicationContext : Refreshing org.springframework.boot.context.embedded.AnnotationConfigEmbeddedWebApplicationContext@141c2fab: startup date [Fri Jun 23 14:51:04 ART 2017]; root of context hierarchy
2017-06-23 14:51:06.120  INFO 27107 --- [           main] s.b.c.e.t.TomcatEmbeddedServletContainer : Tomcat initialized with port(s): 8080 (http)
2017-06-23 14:51:06.130  INFO 27107 --- [           main] o.apache.catalina.core.StandardService   : Starting service Tomcat
2017-06-23 14:51:06.131  INFO 27107 --- [           main] org.apache.catalina.core.StandardEngine  : Starting Servlet Engine: Apache Tomcat/8.5.14
2017-06-23 14:51:06.225  INFO 27107 --- [ost-startStop-1] o.a.c.c.C.[Tomcat].[localhost].[/]       : Initializing Spring embedded WebApplicationContext
2017-06-23 14:51:06.225  INFO 27107 --- [ost-startStop-1] o.s.web.context.ContextLoader            : Root WebApplicationContext: initialization completed in 1600 ms
2017-06-23 14:51:06.368  INFO 27107 --- [ost-startStop-1] o.s.b.w.servlet.ServletRegistrationBean  : Mapping servlet: 'webServlet' to [/console/*]
2017-06-23 14:51:06.370  INFO 27107 --- [ost-startStop-1] o.s.b.w.servlet.ServletRegistrationBean  : Mapping servlet: 'dispatcherServlet' to [/]
2017-06-23 14:51:06.373  INFO 27107 --- [ost-startStop-1] o.s.b.w.servlet.FilterRegistrationBean   : Mapping filter: 'characterEncodingFilter' to: [/*]
2017-06-23 14:51:06.373  INFO 27107 --- [ost-startStop-1] o.s.b.w.servlet.FilterRegistrationBean   : Mapping filter: 'hiddenHttpMethodFilter' to: [/*]
2017-06-23 14:51:06.373  INFO 27107 --- [ost-startStop-1] o.s.b.w.servlet.FilterRegistrationBean   : Mapping filter: 'httpPutFormContentFilter' to: [/*]
2017-06-23 14:51:06.373  INFO 27107 --- [ost-startStop-1] o.s.b.w.servlet.FilterRegistrationBean   : Mapping filter: 'requestContextFilter' to: [/*]
2017-06-23 14:51:06.844  INFO 27107 --- [           main] j.LocalContainerEntityManagerFactoryBean : Building JPA container EntityManagerFactory for persistence unit 'default'
2017-06-23 14:51:06.861  INFO 27107 --- [           main] o.hibernate.jpa.internal.util.LogHelper  : HHH000204: Processing PersistenceUnitInfo [
	name: default
	...]
2017-06-23 14:51:06.949  INFO 27107 --- [           main] org.hibernate.Version                    : HHH000412: Hibernate Core {5.0.12.Final}
2017-06-23 14:51:06.950  INFO 27107 --- [           main] org.hibernate.cfg.Environment            : HHH000206: hibernate.properties not found
2017-06-23 14:51:06.952  INFO 27107 --- [           main] org.hibernate.cfg.Environment            : HHH000021: Bytecode provider name : javassist
2017-06-23 14:51:06.989  INFO 27107 --- [           main] o.hibernate.annotations.common.Version   : HCANN000001: Hibernate Commons Annotations {5.0.1.Final}
2017-06-23 14:51:07.140  INFO 27107 --- [           main] org.hibernate.dialect.Dialect            : HHH000400: Using dialect: org.hibernate.dialect.H2Dialect
2017-06-23 14:51:07.508  INFO 27107 --- [           main] org.hibernate.tool.hbm2ddl.SchemaExport  : HHH000227: Running hbm2ddl schema export
2017-06-23 14:51:07.517  INFO 27107 --- [           main] org.hibernate.tool.hbm2ddl.SchemaExport  : HHH000230: Schema export complete
2017-06-23 14:51:07.545  INFO 27107 --- [           main] j.LocalContainerEntityManagerFactoryBean : Initialized JPA EntityManagerFactory for persistence unit 'default'
2017-06-23 14:51:08.092  INFO 27107 --- [           main] s.w.s.m.m.a.RequestMappingHandlerAdapter : Looking for @ControllerAdvice: org.springframework.boot.context.embedded.AnnotationConfigEmbeddedWebApplicationContext@141c2fab: startup date [Fri Jun 23 14:51:04 ART 2017]; root of context hierarchy
2017-06-23 14:51:08.168  INFO 27107 --- [           main] s.w.s.m.m.a.RequestMappingHandlerMapping : Mapped "{[/user/getById/{userId}],methods=[GET]}" onto public com.probando.algo.user.User com.probando.algo.user.UserController.getById(java.lang.Long)
2017-06-23 14:51:08.170  INFO 27107 --- [           main] s.w.s.m.m.a.RequestMappingHandlerMapping : Mapped "{[/user/save],methods=[POST],consumes=[application/json]}" onto public com.probando.algo.user.User com.probando.algo.user.UserController.saveUser(com.probando.algo.user.UserDTO,org.springframework.validation.BindingResult) throws org.springframework.validation.BindException
2017-06-23 14:51:08.171  INFO 27107 --- [           main] s.w.s.m.m.a.RequestMappingHandlerMapping : Mapped "{[/user/getAll],methods=[GET]}" onto public java.util.List<com.probando.algo.user.User> com.probando.algo.user.UserController.getAllUsers()
2017-06-23 14:51:08.174  INFO 27107 --- [           main] s.w.s.m.m.a.RequestMappingHandlerMapping : Mapped "{[/error],produces=[text/html]}" onto public org.springframework.web.servlet.ModelAndView org.springframework.boot.autoconfigure.web.BasicErrorController.errorHtml(javax.servlet.http.HttpServletRequest,javax.servlet.http.HttpServletResponse)
2017-06-23 14:51:08.176  INFO 27107 --- [           main] s.w.s.m.m.a.RequestMappingHandlerMapping : Mapped "{[/error]}" onto public org.springframework.http.ResponseEntity<java.util.Map<java.lang.String, java.lang.Object>> org.springframework.boot.autoconfigure.web.BasicErrorController.error(javax.servlet.http.HttpServletRequest)
2017-06-23 14:51:08.220  INFO 27107 --- [           main] o.s.w.s.handler.SimpleUrlHandlerMapping  : Mapped URL path [/webjars/**] onto handler of type [class org.springframework.web.servlet.resource.ResourceHttpRequestHandler]
2017-06-23 14:51:08.221  INFO 27107 --- [           main] o.s.w.s.handler.SimpleUrlHandlerMapping  : Mapped URL path [/**] onto handler of type [class org.springframework.web.servlet.resource.ResourceHttpRequestHandler]
2017-06-23 14:51:08.310  INFO 27107 --- [           main] o.s.w.s.handler.SimpleUrlHandlerMapping  : Mapped URL path [/**/favicon.ico] onto handler of type [class org.springframework.web.servlet.resource.ResourceHttpRequestHandler]
2017-06-23 14:51:08.339  INFO 27107 --- [           main] oConfiguration$WelcomePageHandlerMapping : Adding welcome page: class path resource [static/index.html]
2017-06-23 14:51:08.850  INFO 27107 --- [           main] o.s.j.e.a.AnnotationMBeanExporter        : Registering beans for JMX exposure on startup
2017-06-23 14:51:08.926  INFO 27107 --- [           main] s.b.c.e.t.TomcatEmbeddedServletContainer : Tomcat started on port(s): 8080 (http)
2017-06-23 14:51:08.935  INFO 27107 --- [           main] com.probando.algo.AlgoApplication        : Started AlgoApplication in 4.662 seconds (JVM running for 4.878)
2017-06-23 14:52:06.471  INFO 27107 --- [nio-8080-exec-1] o.a.c.c.C.[Tomcat].[localhost].[/]       : Initializing Spring FrameworkServlet 'dispatcherServlet'
2017-06-23 14:52:06.471  INFO 27107 --- [nio-8080-exec-1] o.s.web.servlet.DispatcherServlet        : FrameworkServlet 'dispatcherServlet': initialization started
2017-06-23 14:52:06.780  INFO 27107 --- [nio-8080-exec-1] o.s.web.servlet.DispatcherServlet        : FrameworkServlet 'dispatcherServlet': initialization completed in 309 ms
2017-06-23 14:52:56.613  INFO 27107 --- [nio-8080-exec-2] o.h.h.i.QueryTranslatorFactoryInitiator  : HHH000397: Using ASTQueryTranslatorFactory
thread 14: client disconnection detected, canceling the build
The daemon will cancel the build.
Unable to execute command Build{id=04e1fcd3-fc3a-4297-bcb4-36e7be27f1fc.1, currentDir=/home/jmlopez/Downloads/eclipse} from socket connection from /0:0:0:0:0:0:0:1:35132 to /0:0:0:0:0:0:0:1:37251. Dispatching the failure to the daemon client
org.gradle.internal.remote.internal.MessageIOException: Could not write message Failure[value=org.gradle.launcher.daemon.server.api.DaemonStoppedException: Gradle build daemon has been stopped: cancel requested but timed out] to '/0:0:0:0:0:0:0:1:37251'.
	at org.gradle.internal.remote.internal.inet.SocketConnection.dispatch(SocketConnection.java:120)
	at org.gradle.launcher.daemon.server.SynchronizedDispatchConnection.dispatch(SynchronizedDispatchConnection.java:51)
	at org.gradle.launcher.daemon.server.DefaultDaemonConnection.completed(DefaultDaemonConnection.java:135)
	at org.gradle.launcher.daemon.server.exec.StartBuildOrRespondWithBusy.doBuild(StartBuildOrRespondWithBusy.java:59)
	at org.gradle.launcher.daemon.server.exec.BuildCommandOnly.execute(BuildCommandOnly.java:36)
	at org.gradle.launcher.daemon.server.api.DaemonCommandExecution.proceed(DaemonCommandExecution.java:120)
	at org.gradle.launcher.daemon.server.exec.ReturnResult.execute(ReturnResult.java:36)
	at org.gradle.launcher.daemon.server.api.DaemonCommandExecution.proceed(DaemonCommandExecution.java:120)
	at org.gradle.launcher.daemon.server.api.HandleReportStatus.execute(HandleReportStatus.java:33)
	at org.gradle.launcher.daemon.server.api.DaemonCommandExecution.proceed(DaemonCommandExecution.java:120)
	at org.gradle.launcher.daemon.server.exec.HandleCancel.execute(HandleCancel.java:37)
	at org.gradle.launcher.daemon.server.api.DaemonCommandExecution.proceed(DaemonCommandExecution.java:120)
	at org.gradle.launcher.daemon.server.api.HandleStop.execute(HandleStop.java:46)
	at org.gradle.launcher.daemon.server.api.DaemonCommandExecution.proceed(DaemonCommandExecution.java:120)
	at org.gradle.launcher.daemon.server.exec.DaemonCommandExecuter.executeCommand(DaemonCommandExecuter.java:45)
	at org.gradle.launcher.daemon.server.DefaultIncomingConnectionHandler$ConnectionWorker.handleCommand(DefaultIncomingConnectionHandler.java:160)
	at org.gradle.launcher.daemon.server.DefaultIncomingConnectionHandler$ConnectionWorker.receiveAndHandleCommand(DefaultIncomingConnectionHandler.java:133)
	at org.gradle.launcher.daemon.server.DefaultIncomingConnectionHandler$ConnectionWorker.run(DefaultIncomingConnectionHandler.java:121)
	at org.gradle.internal.concurrent.ExecutorPolicy$CatchAndRecordFailures.onExecute(ExecutorPolicy.java:63)
	at org.gradle.internal.concurrent.StoppableExecutorImpl$1.run(StoppableExecutorImpl.java:46)
	at java.util.concurrent.ThreadPoolExecutor.runWorker(ThreadPoolExecutor.java:1145)
	at java.util.concurrent.ThreadPoolExecutor$Worker.run(ThreadPoolExecutor.java:615)
	at java.lang.Thread.run(Thread.java:745)
Caused by: com.esotericsoftware.kryo.KryoException: java.io.IOException: Tubería rota
	at com.esotericsoftware.kryo.io.Output.flush(Output.java:156)
	at com.esotericsoftware.kryo.io.Output.require(Output.java:134)
	at com.esotericsoftware.kryo.io.Output.writeBytes(Output.java:219)
	at org.gradle.internal.serialize.kryo.KryoBackedEncoder.writeBytes(KryoBackedEncoder.java:43)
	at org.gradle.internal.serialize.AbstractEncoder$EncoderStream.write(AbstractEncoder.java:72)
	at java.io.ObjectOutputStream$BlockDataOutputStream.drain(ObjectOutputStream.java:1876)
	at java.io.ObjectOutputStream$BlockDataOutputStream.flush(ObjectOutputStream.java:1821)
	at java.io.ObjectOutputStream.flush(ObjectOutputStream.java:718)
	at org.gradle.internal.serialize.Message.send(Message.java:40)
	at org.gradle.internal.serialize.BaseSerializerFactory$ThrowableSerializer.write(BaseSerializerFactory.java:239)
	at org.gradle.internal.serialize.BaseSerializerFactory$ThrowableSerializer.write(BaseSerializerFactory.java:233)
	at org.gradle.launcher.daemon.protocol.DaemonMessageSerializer$FailureSerializer.write(DaemonMessageSerializer.java:81)
	at org.gradle.launcher.daemon.protocol.DaemonMessageSerializer$FailureSerializer.write(DaemonMessageSerializer.java:72)
	at org.gradle.internal.serialize.DefaultSerializerRegistry$TaggedTypeSerializer.write(DefaultSerializerRegistry.java:150)
	at org.gradle.internal.serialize.Serializers$StatefulSerializerAdapter$2.write(Serializers.java:46)
	at org.gradle.internal.remote.internal.inet.SocketConnection.dispatch(SocketConnection.java:114)
	... 22 more
Caused by: java.io.IOException: Tubería rota
	at sun.nio.ch.FileDispatcherImpl.write0(Native Method)
	at sun.nio.ch.SocketDispatcher.write(SocketDispatcher.java:47)
	at sun.nio.ch.IOUtil.writeFromNativeBuffer(IOUtil.java:93)
	at sun.nio.ch.IOUtil.write(IOUtil.java:51)
	at sun.nio.ch.SocketChannelImpl.write(SocketChannelImpl.java:492)
	at org.gradle.internal.remote.internal.inet.SocketConnection$SocketOutputStream.writeWithNonBlockingRetry(SocketConnection.java:268)
	at org.gradle.internal.remote.internal.inet.SocketConnection$SocketOutputStream.writeBufferToChannel(SocketConnection.java:256)
	at org.gradle.internal.remote.internal.inet.SocketConnection$SocketOutputStream.write(SocketConnection.java:242)
	at com.esotericsoftware.kryo.io.Output.flush(Output.java:154)
	... 37 more
Daemon vm is shutting down... The daemon has exited normally or was terminated in response to a user interrupt.
Could not read standard output of: command '/usr/lib/jvm/java-7-oracle/bin/java'.
java.io.IOException: Stream closed
	at java.io.BufferedInputStream.getBufIfOpen(BufferedInputStream.java:162)
	at java.io.BufferedInputStream.read1(BufferedInputStream.java:280)
	at java.io.BufferedInputStream.read(BufferedInputStream.java:334)
	at java.io.FilterInputStream.read(FilterInputStream.java:107)
	at org.gradle.process.internal.streams.ExecOutputHandleRunner.run(ExecOutputHandleRunner.java:51)
	at org.gradle.internal.concurrent.ExecutorPolicy$CatchAndRecordFailures.onExecute(ExecutorPolicy.java:63)
	at org.gradle.internal.concurrent.StoppableExecutorImpl$1.run(StoppableExecutorImpl.java:46)
	at java.util.concurrent.ThreadPoolExecutor.runWorker(ThreadPoolExecutor.java:1145)
	at java.util.concurrent.ThreadPoolExecutor$Worker.run(ThreadPoolExecutor.java:615)
	at java.lang.Thread.run(Thread.java:745)
:bootRun FAILED
