11:47:38.448 [DEBUG] [org.gradle.launcher.daemon.bootstrap.DaemonMain] Assuming the daemon was started with following jvm opts: [-XX:MaxPermSize=256m, -XX:+HeapDumpOnOutOfMemoryError, -Xmx1024m, -Dfile.encoding=UTF-8, -Duser.country=AR, -Duser.language=es, -Duser.variant]
11:47:38.516 [INFO] [org.gradle.launcher.daemon.server.Daemon] start() called on daemon - DefaultDaemonContext[uid=b5e710ef-8b8c-44cc-89c7-ab5e1ceebe5e,javaHome=/usr/lib/jvm/java-7-oracle,daemonRegistryDir=/home/jmlopez/Documentos/algo/daemon,pid=2175,idleTimeout=10800000,daemonOpts=-XX:MaxPermSize=256m,-XX:+HeapDumpOnOutOfMemoryError,-Xmx1024m,-Dfile.encoding=UTF-8,-Duser.country=AR,-Duser.language=es,-Duser.variant]
11:47:38.524 [DEBUG] [org.gradle.internal.remote.internal.inet.InetAddresses] Adding IP addresses for network interface vmnet8
11:47:38.525 [DEBUG] [org.gradle.internal.remote.internal.inet.InetAddresses] Is this a loopback interface? false
11:47:38.525 [DEBUG] [org.gradle.internal.remote.internal.inet.InetAddresses] Is this a multicast interface? true
11:47:38.525 [DEBUG] [org.gradle.internal.remote.internal.inet.InetAddresses] Adding remote address /fe80:0:0:0:250:56ff:fec0:8%4
11:47:38.525 [DEBUG] [org.gradle.internal.remote.internal.inet.InetAddresses] Adding remote address /192.168.250.1
11:47:38.526 [DEBUG] [org.gradle.internal.remote.internal.inet.InetAddresses] Adding remote multicast interface vmnet8
11:47:38.526 [DEBUG] [org.gradle.internal.remote.internal.inet.InetAddresses] Adding IP addresses for network interface vmnet1
11:47:38.526 [DEBUG] [org.gradle.internal.remote.internal.inet.InetAddresses] Is this a loopback interface? false
11:47:38.527 [DEBUG] [org.gradle.internal.remote.internal.inet.InetAddresses] Is this a multicast interface? true
11:47:38.527 [DEBUG] [org.gradle.internal.remote.internal.inet.InetAddresses] Adding remote address /fe80:0:0:0:250:56ff:fec0:1%3
11:47:38.527 [DEBUG] [org.gradle.internal.remote.internal.inet.InetAddresses] Adding remote address /192.168.65.1
11:47:38.527 [DEBUG] [org.gradle.internal.remote.internal.inet.InetAddresses] Adding remote multicast interface vmnet1
11:47:38.527 [DEBUG] [org.gradle.internal.remote.internal.inet.InetAddresses] Adding IP addresses for network interface eth0
11:47:38.527 [DEBUG] [org.gradle.internal.remote.internal.inet.InetAddresses] Is this a loopback interface? false
11:47:38.528 [DEBUG] [org.gradle.internal.remote.internal.inet.InetAddresses] Is this a multicast interface? true
11:47:38.528 [DEBUG] [org.gradle.internal.remote.internal.inet.InetAddresses] Adding remote address /fe80:0:0:0:16dd:a9ff:fe95:bfac%2
11:47:38.528 [DEBUG] [org.gradle.internal.remote.internal.inet.InetAddresses] Adding remote address /10.230.10.94
11:47:38.528 [DEBUG] [org.gradle.internal.remote.internal.inet.InetAddresses] Adding remote multicast interface eth0
11:47:38.528 [DEBUG] [org.gradle.internal.remote.internal.inet.InetAddresses] Adding IP addresses for network interface lo
11:47:38.528 [DEBUG] [org.gradle.internal.remote.internal.inet.InetAddresses] Is this a loopback interface? true
11:47:38.529 [DEBUG] [org.gradle.internal.remote.internal.inet.InetAddresses] Is this a multicast interface? false
11:47:38.529 [DEBUG] [org.gradle.internal.remote.internal.inet.InetAddresses] Adding loopback address /0:0:0:0:0:0:0:1%1
11:47:38.529 [DEBUG] [org.gradle.internal.remote.internal.inet.InetAddresses] Adding loopback address /127.0.0.1
11:47:38.530 [DEBUG] [org.gradle.internal.remote.internal.inet.TcpIncomingConnector] Listening on [ae8afee5-1b36-497e-9417-9906220e606b port:47798, addresses:[/0:0:0:0:0:0:0:1%1, /127.0.0.1]].
11:47:38.532 [DEBUG] [org.gradle.launcher.daemon.server.Daemon] Daemon starting at: Fri Jun 23 11:47:38 ART 2017, with address: [ae8afee5-1b36-497e-9417-9906220e606b port:47798, addresses:[/0:0:0:0:0:0:0:1%1, /127.0.0.1]]
11:47:38.532 [INFO] [org.gradle.launcher.daemon.server.DaemonRegistryUpdater] Advertising the daemon address to the clients: [ae8afee5-1b36-497e-9417-9906220e606b port:47798, addresses:[/0:0:0:0:0:0:0:1%1, /127.0.0.1]]
11:47:38.533 [DEBUG] [org.gradle.launcher.daemon.server.DaemonRegistryUpdater] Advertised daemon context: DefaultDaemonContext[uid=b5e710ef-8b8c-44cc-89c7-ab5e1ceebe5e,javaHome=/usr/lib/jvm/java-7-oracle,daemonRegistryDir=/home/jmlopez/Documentos/algo/daemon,pid=2175,idleTimeout=10800000,daemonOpts=-XX:MaxPermSize=256m,-XX:+HeapDumpOnOutOfMemoryError,-Xmx1024m,-Dfile.encoding=UTF-8,-Duser.country=AR,-Duser.language=es,-Duser.variant]
11:47:38.534 [DEBUG] [org.gradle.launcher.daemon.registry.PersistentDaemonRegistry] Storing daemon address: [ae8afee5-1b36-497e-9417-9906220e606b port:47798, addresses:[/0:0:0:0:0:0:0:1%1, /127.0.0.1]], context: DefaultDaemonContext[uid=b5e710ef-8b8c-44cc-89c7-ab5e1ceebe5e,javaHome=/usr/lib/jvm/java-7-oracle,daemonRegistryDir=/home/jmlopez/Documentos/algo/daemon,pid=2175,idleTimeout=10800000,daemonOpts=-XX:MaxPermSize=256m,-XX:+HeapDumpOnOutOfMemoryError,-Xmx1024m,-Dfile.encoding=UTF-8,-Duser.country=AR,-Duser.language=es,-Duser.variant]
11:47:38.543 [DEBUG] [org.gradle.cache.internal.DefaultFileLockManager] Waiting to acquire exclusive lock on daemon addresses registry.
11:47:38.544 [DEBUG] [org.gradle.cache.internal.DefaultFileLockManager] Lock acquired on daemon addresses registry.
11:47:38.549 [DEBUG] [org.gradle.cache.internal.DefaultFileLockManager] Releasing lock on daemon addresses registry.
11:47:38.549 [LIFECYCLE] [org.gradle.launcher.daemon.server.Daemon] Daemon server started.
11:47:38.551 [DEBUG] [org.gradle.launcher.daemon.bootstrap.DaemonStartupCommunication] Completed writing the daemon greeting. Closing streams...
11:47:38.554 [DEBUG] [org.gradle.internal.remote.internal.inet.TcpIncomingConnector] Accepted connection from /0:0:0:0:0:0:0:1:54631 to /0:0:0:0:0:0:0:1:47798.
11:47:38.554 [DEBUG] [org.gradle.launcher.daemon.server.Daemon] stopOnExpiration() called on daemon
11:47:38.558 [DEBUG] [org.gradle.launcher.daemon.server.Daemon] awaitExpiration() called on daemon
11:47:38.563 [DEBUG] [org.gradle.launcher.daemon.server.DaemonStateCoordinator] daemon is running. Sleeping until state changes.
11:47:38.602 [DEBUG] [org.gradle.launcher.daemon.server.SynchronizedDispatchConnection] thread 14: received class org.gradle.launcher.daemon.protocol.Build
11:47:38.602 [DEBUG] [org.gradle.launcher.daemon.server.DefaultDaemonConnection] thread 14: Received non-IO message from client: Build{id=863d2ae4-791d-4823-bc30-23d0057c5247.1, currentDir=/home/jmlopez/Downloads/eclipse}
11:47:38.603 [INFO] [org.gradle.launcher.daemon.server.DefaultIncomingConnectionHandler] Received command: Build{id=863d2ae4-791d-4823-bc30-23d0057c5247.1, currentDir=/home/jmlopez/Downloads/eclipse}.
11:47:38.603 [DEBUG] [org.gradle.launcher.daemon.server.DefaultIncomingConnectionHandler] Starting executing command: Build{id=863d2ae4-791d-4823-bc30-23d0057c5247.1, currentDir=/home/jmlopez/Downloads/eclipse} with connection: socket connection from /0:0:0:0:0:0:0:1:47798 to /0:0:0:0:0:0:0:1:54631.
11:47:38.605 [ERROR] [org.gradle.launcher.daemon.server.DaemonStateCoordinator] Command execution: started DaemonCommandExecution[command = Build{id=863d2ae4-791d-4823-bc30-23d0057c5247.1, currentDir=/home/jmlopez/Downloads/eclipse}, connection = DefaultDaemonConnection: socket connection from /0:0:0:0:0:0:0:1:47798 to /0:0:0:0:0:0:0:1:54631] after 0.0 minutes of idle
11:47:38.605 [INFO] [org.gradle.launcher.daemon.server.DaemonRegistryUpdater] Marking the daemon as busy, address: [ae8afee5-1b36-497e-9417-9906220e606b port:47798, addresses:[/0:0:0:0:0:0:0:1%1, /127.0.0.1]]
11:47:38.605 [DEBUG] [org.gradle.launcher.daemon.registry.PersistentDaemonRegistry] Marking busy by address: [ae8afee5-1b36-497e-9417-9906220e606b port:47798, addresses:[/0:0:0:0:0:0:0:1%1, /127.0.0.1]]
11:47:38.606 [DEBUG] [org.gradle.cache.internal.DefaultFileLockManager] Waiting to acquire exclusive lock on daemon addresses registry.
11:47:38.606 [DEBUG] [org.gradle.cache.internal.DefaultFileLockManager] Lock acquired on daemon addresses registry.
11:47:38.607 [DEBUG] [org.gradle.cache.internal.DefaultFileLockManager] Releasing lock on daemon addresses registry.
11:47:38.607 [DEBUG] [org.gradle.launcher.daemon.server.DaemonStateCoordinator] resetting idle timer
11:47:38.607 [DEBUG] [org.gradle.launcher.daemon.server.DaemonStateCoordinator] daemon is running. Sleeping until state changes.
11:47:38.607 [INFO] [org.gradle.launcher.daemon.server.exec.StartBuildOrRespondWithBusy] Daemon is about to start building Build{id=863d2ae4-791d-4823-bc30-23d0057c5247.1, currentDir=/home/jmlopez/Downloads/eclipse}. Dispatching build started information...
11:47:38.608 [DEBUG] [org.gradle.launcher.daemon.server.SynchronizedDispatchConnection] thread 16: dispatching class org.gradle.launcher.daemon.protocol.BuildStarted
11:47:38.611 [DEBUG] [org.gradle.launcher.daemon.server.exec.EstablishBuildEnvironment] Configuring env variables: {TERM=xterm, XDG_SESSION_PATH=/org/freedesktop/DisplayManager/Session0, SSH_AGENT_PID=2457, JAVA_HOME=, J2REDIR=/jre, GREEN=[32m, LESSCLOSE=/usr/bin/lesspipe %s %s, J2SDKDIR=, SESSION_MANAGER=local/jmlopez:@/tmp/.ICE-unix/2298,unix/jmlopez:/tmp/.ICE-unix/2298, RESET=(B[m, LC_NUMERIC=es_AR.UTF-8, GDMSESSION=mate, MANDATORY_PATH=/usr/share/gconf/mate.mandatory.path, PWD=/home/jmlopez/Downloads/eclipse, MAGENTA=[35m, XDG_GREETER_DATA_DIR=/var/lib/lightdm-data/jmlopez, PS1=\[[34m\][\[[1m[35m\]\u@\h \[[32m\]\w\[[1m\]$(is_on_git && [[ -n $(git branch 2> /dev/null) ]] && echo ":")\[[31m\]$(parse_git_branch)\[(B[m\]\[[34m\]]\[(B[m\]$ , ORANGE=[34m, GDK_CORE_DEVICE_EVENTS=1, NLSPATH=/usr/dt/lib/nls/msg/%L/%N.cat, TEXTDOMAIN=im-config, LC_ADDRESS=es_AR.UTF-8, EDITOR=vi, MATE_DESKTOP_SESSION_ID=this-is-deprecated, BOLD=[1m, M2_HOME=/usr/share/maven-2.2.1, XDG_CONFIG_DIRS=/etc/xdg/xdg-mate:/etc/xdg, PATH=/usr/local/sbin:/usr/local/bin:/usr/sbin:/usr/bin:/sbin:/bin:/usr/games:/usr/local/games:/home//bin:, XDG_CURRENT_DESKTOP=MATE, LIBOVERLAY_SCROLLBAR=0, QT_LINUX_ACCESSIBILITY_ALWAYS_ON=1, GDM_LANG=es_AR, XAUTHORITY=/home/jmlopez/.Xauthority, XDG_SEAT=seat0, XDG_SESSION_ID=c2, XDG_SEAT_PATH=/org/freedesktop/DisplayManager/Seat0, XDG_VTNR=7, PURPLE=[31m, LC_TIME=es_AR.UTF-8, DESKTOP_AUTOSTART_ID=10de95d19eab2e9d89149822365291087900000022980009, GNOME_KEYRING_CONTROL=/run/user/1001/keyring-0O46i1, GTK_MODULES=gail:atk-bridge:canberra-gtk-module:canberra-gtk-module:canberra-gtk-module, LC_TELEPHONE=es_AR.UTF-8, SHLVL=1, TEXTDOMAINDIR=/usr/share/locale/, XFILESEARCHPATH=/usr/dt/app-defaults/%L/Dt, LC_NAME=es_AR.UTF-8, PROMPT_COMMAND=RETRN_VAL=$?;logger -p local6.info "$(whoami) [$$] $SSH_CONNECTION: $(history 1 | sed "s/^[ ]*[0-9]\+[ ]*//" ) [$RETRN_VAL]", XDG_DATA_DIRS=/usr/share/mate:/usr/local/share/:/usr/share/, JDK_HOME=, LC_PAPER=es_AR.UTF-8, LOGNAME=jmlopez, GPG_AGENT_INFO=/run/user/1001/keyring-0O46i1/gpg:0:1, LC_IDENTIFICATION=es_AR.UTF-8, DERBY_HOME=/db, _=./eclipse, SSH_AUTH_SOCK=/run/user/1001/keyring-0O46i1/ssh, WHITE=[37m, OLDPWD=/home/jmlopez/Downloads, SHELL=/bin/bash, DBUS_SESSION_BUS_ADDRESS=unix:abstract=/tmp/dbus-9hxnfK0lVi,guid=57a611c01614198296c8b3b6594d1423, GNOME_KEYRING_PID=2295, LANGUAGE=es_AR:es:en, QT_ACCESSIBILITY=1, DESKTOP_SESSION=mate, DISPLAY=:0, LC_MONETARY=es_AR.UTF-8, USER=jmlopez, HOME=/home/jmlopez, LESSOPEN=| /usr/bin/lesspipe %s, DEFAULTS_PATH=/usr/share/gconf/mate.default.path, QT_STYLE_OVERRIDE=gtk, LS_COLORS=rs=0:di=01;34:ln=01;36:mh=00:pi=40;33:so=01;35:do=01;35:bd=40;33;01:cd=40;33;01:or=40;31;01:su=37;41:sg=30;43:ca=30;41:tw=30;42:ow=34;42:st=37;44:ex=01;32:*.tar=01;31:*.tgz=01;31:*.arj=01;31:*.taz=01;31:*.lzh=01;31:*.lzma=01;31:*.tlz=01;31:*.txz=01;31:*.zip=01;31:*.z=01;31:*.Z=01;31:*.dz=01;31:*.gz=01;31:*.lz=01;31:*.xz=01;31:*.bz2=01;31:*.bz=01;31:*.tbz=01;31:*.tbz2=01;31:*.tz=01;31:*.deb=01;31:*.rpm=01;31:*.jar=01;31:*.war=01;31:*.ear=01;31:*.sar=01;31:*.rar=01;31:*.ace=01;31:*.zoo=01;31:*.cpio=01;31:*.7z=01;31:*.rz=01;31:*.jpg=01;35:*.jpeg=01;35:*.gif=01;35:*.bmp=01;35:*.pbm=01;35:*.pgm=01;35:*.ppm=01;35:*.tga=01;35:*.xbm=01;35:*.xpm=01;35:*.tif=01;35:*.tiff=01;35:*.png=01;35:*.svg=01;35:*.svgz=01;35:*.mng=01;35:*.pcx=01;35:*.mov=01;35:*.mpg=01;35:*.mpeg=01;35:*.m2v=01;35:*.mkv=01;35:*.webm=01;35:*.ogm=01;35:*.mp4=01;35:*.m4v=01;35:*.mp4v=01;35:*.vob=01;35:*.qt=01;35:*.nuv=01;35:*.wmv=01;35:*.asf=01;35:*.rm=01;35:*.rmvb=01;35:*.flc=01;35:*.avi=01;35:*.fli=01;35:*.flv=01;35:*.gl=01;35:*.dl=01;35:*.xcf=01;35:*.xwd=01;35:*.yuv=01;35:*.cgm=01;35:*.emf=01;35:*.axv=01;35:*.anx=01;35:*.ogv=01;35:*.ogx=01;35:*.aac=00;36:*.au=00;36:*.flac=00;36:*.mid=00;36:*.midi=00;36:*.mka=00;36:*.mp3=00;36:*.mpc=00;36:*.ogg=00;36:*.ra=00;36:*.wav=00;36:*.axa=00;36:*.oga=00;36:*.spx=00;36:*.xspf=00;36:, LC_MEASUREMENT=es_AR.UTF-8, XDG_RUNTIME_DIR=/run/user/1001, LANG=es_AR.UTF-8, OXYGEN_DISABLE_INNER_SHADOWS_HACK=1}
11:47:38.616 [DEBUG] [org.gradle.launcher.daemon.server.exec.LogToClient] About to start relaying all logs to the client via the connection.
11:47:38.616 [INFO] [org.gradle.launcher.daemon.server.exec.LogToClient] The client will now receive all logging from the daemon (pid: 2175). The daemon log file: /home/jmlopez/Documentos/algo/daemon/3.4.1/daemon-2175.out.log
11:47:38.617 [INFO] [org.gradle.launcher.daemon.server.exec.LogAndCheckHealth] Starting build in new daemon [memory: 954,7 MB]
11:47:38.620 [DEBUG] [org.gradle.launcher.daemon.server.exec.ExecuteBuild] The daemon has started executing the build.
11:47:38.621 [INFO] [org.gradle.launcher.daemon.server.exec.ExecuteBuild] Executing build with daemon context: DefaultDaemonContext[uid=b5e710ef-8b8c-44cc-89c7-ab5e1ceebe5e,javaHome=/usr/lib/jvm/java-7-oracle,daemonRegistryDir=/home/jmlopez/Documentos/algo/daemon,pid=2175,idleTimeout=10800000,daemonOpts=-XX:MaxPermSize=256m,-XX:+HeapDumpOnOutOfMemoryError,-Xmx1024m,-Dfile.encoding=UTF-8,-Duser.country=AR,-Duser.language=es,-Duser.variant]
11:47:38.722 [INFO] [org.gradle.cache.internal.DefaultCacheAccess] Creating new cache for fileHashes, path /home/jmlopez/Documentos/algo/caches/3.4.1/fileHashes/fileHashes.bin, access org.gradle.cache.internal.DefaultCacheAccess@2b419ddc
11:47:38.743 [DEBUG] [org.gradle.api.internal.changedetection.state.InMemoryTaskArtifactCache] Creating in-memory store for cache /home/jmlopez/Documentos/algo/caches/3.4.1/fileHashes/fileHashes.bin (max size: 400000)
11:47:38.745 [DEBUG] [org.gradle.cache.internal.LockOnDemandCrossProcessCacheAccess] Acquiring file lock for file hash cache (/home/jmlopez/Documentos/algo/caches/3.4.1/fileHashes)
11:47:38.745 [DEBUG] [org.gradle.cache.internal.DefaultFileLockManager] Waiting to acquire exclusive lock on file hash cache (/home/jmlopez/Documentos/algo/caches/3.4.1/fileHashes).
11:47:38.745 [DEBUG] [org.gradle.cache.internal.DefaultFileLockManager] Lock acquired on file hash cache (/home/jmlopez/Documentos/algo/caches/3.4.1/fileHashes).
11:47:38.746 [DEBUG] [org.gradle.cache.internal.locklistener.DefaultFileLockContentionHandler] Starting file lock listener thread.
11:47:38.814 [INFO] [org.gradle.cache.internal.DefaultCacheAccess] Creating new cache for plugin-use-metadata, path /home/jmlopez/Documentos/algo/caches/3.4.1/plugin-resolution/plugin-use-metadata.bin, access org.gradle.cache.internal.DefaultCacheAccess@3d5693f
11:47:38.815 [INFO] [org.gradle.cache.internal.DefaultCacheAccess] Creating new cache for client-status, path /home/jmlopez/Documentos/algo/caches/3.4.1/plugin-resolution/client-status.bin, access org.gradle.cache.internal.DefaultCacheAccess@3d5693f
:clean
:compileJava
:processResources
:classes
:findMainClass
:bootRun

  .   ____          _            __ _ _
 /\\ / ___'_ __ _ _(_)_ __  __ _ \ \ \ \
( ( )\___ | '_ | '_| | '_ \/ _` | \ \ \ \
 \\/  ___)| |_)| | | | | || (_| |  ) ) ) )
  '  |____| .__|_| |_|_| |_\__, | / / / /
 =========|_|==============|___/=/_/_/_/
 :: Spring Boot ::        (v1.5.3.RELEASE)

2017-06-23 11:47:42.866  INFO 2228 --- [           main] com.probando.algo.AlgoApplication        : Starting AlgoApplication on jmlopez with PID 2228 (/home/jmlopez/Documentos/algo/build/classes/main started by jmlopez in /home/jmlopez/Documentos/algo)
2017-06-23 11:47:42.869  INFO 2228 --- [           main] com.probando.algo.AlgoApplication        : No active profile set, falling back to default profiles: default
2017-06-23 11:47:42.921  INFO 2228 --- [           main] ationConfigEmbeddedWebApplicationContext : Refreshing org.springframework.boot.context.embedded.AnnotationConfigEmbeddedWebApplicationContext@3e5a4b27: startup date [Fri Jun 23 11:47:42 ART 2017]; root of context hierarchy
2017-06-23 11:47:44.293  INFO 2228 --- [           main] s.b.c.e.t.TomcatEmbeddedServletContainer : Tomcat initialized with port(s): 8080 (http)
2017-06-23 11:47:44.303  INFO 2228 --- [           main] o.apache.catalina.core.StandardService   : Starting service Tomcat
2017-06-23 11:47:44.304  INFO 2228 --- [           main] org.apache.catalina.core.StandardEngine  : Starting Servlet Engine: Apache Tomcat/8.5.14
2017-06-23 11:47:44.387  INFO 2228 --- [ost-startStop-1] o.a.c.c.C.[Tomcat].[localhost].[/]       : Initializing Spring embedded WebApplicationContext
2017-06-23 11:47:44.387  INFO 2228 --- [ost-startStop-1] o.s.web.context.ContextLoader            : Root WebApplicationContext: initialization completed in 1469 ms
2017-06-23 11:47:44.529  INFO 2228 --- [ost-startStop-1] o.s.b.w.servlet.ServletRegistrationBean  : Mapping servlet: 'webServlet' to [/console/*]
2017-06-23 11:47:44.531  INFO 2228 --- [ost-startStop-1] o.s.b.w.servlet.ServletRegistrationBean  : Mapping servlet: 'dispatcherServlet' to [/]
2017-06-23 11:47:44.534  INFO 2228 --- [ost-startStop-1] o.s.b.w.servlet.FilterRegistrationBean   : Mapping filter: 'characterEncodingFilter' to: [/*]
2017-06-23 11:47:44.535  INFO 2228 --- [ost-startStop-1] o.s.b.w.servlet.FilterRegistrationBean   : Mapping filter: 'hiddenHttpMethodFilter' to: [/*]
2017-06-23 11:47:44.536  INFO 2228 --- [ost-startStop-1] o.s.b.w.servlet.FilterRegistrationBean   : Mapping filter: 'httpPutFormContentFilter' to: [/*]
2017-06-23 11:47:44.536  INFO 2228 --- [ost-startStop-1] o.s.b.w.servlet.FilterRegistrationBean   : Mapping filter: 'requestContextFilter' to: [/*]
2017-06-23 11:47:45.037  INFO 2228 --- [           main] j.LocalContainerEntityManagerFactoryBean : Building JPA container EntityManagerFactory for persistence unit 'default'
2017-06-23 11:47:45.052  INFO 2228 --- [           main] o.hibernate.jpa.internal.util.LogHelper  : HHH000204: Processing PersistenceUnitInfo [
	name: default
	...]
2017-06-23 11:47:45.106  INFO 2228 --- [           main] org.hibernate.Version                    : HHH000412: Hibernate Core {5.0.12.Final}
2017-06-23 11:47:45.107  INFO 2228 --- [           main] org.hibernate.cfg.Environment            : HHH000206: hibernate.properties not found
2017-06-23 11:47:45.108  INFO 2228 --- [           main] org.hibernate.cfg.Environment            : HHH000021: Bytecode provider name : javassist
2017-06-23 11:47:45.138  INFO 2228 --- [           main] o.hibernate.annotations.common.Version   : HCANN000001: Hibernate Commons Annotations {5.0.1.Final}
2017-06-23 11:47:45.239  INFO 2228 --- [           main] org.hibernate.dialect.Dialect            : HHH000400: Using dialect: org.hibernate.dialect.H2Dialect
2017-06-23 11:47:45.518  INFO 2228 --- [           main] org.hibernate.tool.hbm2ddl.SchemaExport  : HHH000227: Running hbm2ddl schema export
2017-06-23 11:47:45.527  INFO 2228 --- [           main] org.hibernate.tool.hbm2ddl.SchemaExport  : HHH000230: Schema export complete
2017-06-23 11:47:45.552  INFO 2228 --- [           main] j.LocalContainerEntityManagerFactoryBean : Initialized JPA EntityManagerFactory for persistence unit 'default'
2017-06-23 11:47:46.147  INFO 2228 --- [           main] s.w.s.m.m.a.RequestMappingHandlerAdapter : Looking for @ControllerAdvice: org.springframework.boot.context.embedded.AnnotationConfigEmbeddedWebApplicationContext@3e5a4b27: startup date [Fri Jun 23 11:47:42 ART 2017]; root of context hierarchy
2017-06-23 11:47:46.236  INFO 2228 --- [           main] s.w.s.m.m.a.RequestMappingHandlerMapping : Mapped "{[/user/getById/{userId}],methods=[GET]}" onto public com.probando.algo.user.User com.probando.algo.user.UserController.getById(java.lang.Long)
2017-06-23 11:47:46.238  INFO 2228 --- [           main] s.w.s.m.m.a.RequestMappingHandlerMapping : Mapped "{[/user/save],methods=[POST],consumes=[application/json]}" onto public com.probando.algo.user.User com.probando.algo.user.UserController.saveUser(com.probando.algo.user.UserDTO,org.springframework.validation.BindingResult) throws org.springframework.validation.BindException
2017-06-23 11:47:46.239  INFO 2228 --- [           main] s.w.s.m.m.a.RequestMappingHandlerMapping : Mapped "{[/user/getAll],methods=[GET]}" onto public java.util.List<com.probando.algo.user.User> com.probando.algo.user.UserController.getAllUsers()
2017-06-23 11:47:46.243  INFO 2228 --- [           main] s.w.s.m.m.a.RequestMappingHandlerMapping : Mapped "{[/error]}" onto public org.springframework.http.ResponseEntity<java.util.Map<java.lang.String, java.lang.Object>> org.springframework.boot.autoconfigure.web.BasicErrorController.error(javax.servlet.http.HttpServletRequest)
2017-06-23 11:47:46.244  INFO 2228 --- [           main] s.w.s.m.m.a.RequestMappingHandlerMapping : Mapped "{[/error],produces=[text/html]}" onto public org.springframework.web.servlet.ModelAndView org.springframework.boot.autoconfigure.web.BasicErrorController.errorHtml(javax.servlet.http.HttpServletRequest,javax.servlet.http.HttpServletResponse)
2017-06-23 11:47:46.288  INFO 2228 --- [           main] o.s.w.s.handler.SimpleUrlHandlerMapping  : Mapped URL path [/webjars/**] onto handler of type [class org.springframework.web.servlet.resource.ResourceHttpRequestHandler]
2017-06-23 11:47:46.289  INFO 2228 --- [           main] o.s.w.s.handler.SimpleUrlHandlerMapping  : Mapped URL path [/**] onto handler of type [class org.springframework.web.servlet.resource.ResourceHttpRequestHandler]
2017-06-23 11:47:46.342  INFO 2228 --- [           main] o.s.w.s.handler.SimpleUrlHandlerMapping  : Mapped URL path [/**/favicon.ico] onto handler of type [class org.springframework.web.servlet.resource.ResourceHttpRequestHandler]
2017-06-23 11:47:46.368  INFO 2228 --- [           main] oConfiguration$WelcomePageHandlerMapping : Adding welcome page: class path resource [static/index.html]
2017-06-23 11:47:46.751  INFO 2228 --- [           main] o.s.j.e.a.AnnotationMBeanExporter        : Registering beans for JMX exposure on startup
2017-06-23 11:47:46.812  INFO 2228 --- [           main] s.b.c.e.t.TomcatEmbeddedServletContainer : Tomcat started on port(s): 8080 (http)
2017-06-23 11:47:46.817  INFO 2228 --- [           main] com.probando.algo.AlgoApplication        : Started AlgoApplication in 4.223 seconds (JVM running for 4.423)
2017-06-23 11:57:39.830  INFO 2228 --- [nio-8080-exec-1] o.a.c.c.C.[Tomcat].[localhost].[/]       : Initializing Spring FrameworkServlet 'dispatcherServlet'
2017-06-23 11:57:39.830  INFO 2228 --- [nio-8080-exec-1] o.s.web.servlet.DispatcherServlet        : FrameworkServlet 'dispatcherServlet': initialization started
2017-06-23 11:57:39.844  INFO 2228 --- [nio-8080-exec-1] o.s.web.servlet.DispatcherServlet        : FrameworkServlet 'dispatcherServlet': initialization completed in 14 ms
The daemon will cancel the build.
thread 14: client disconnection detected, canceling the build
Daemon vm is shutting down... The daemon has exited normally or was terminated in response to a user interrupt.
Could not read standard output of: command '/usr/lib/jvm/java-7-oracle/bin/java'.
java.io.IOException: Stream closed
	at java.io.BufferedInputStream.getBufIfOpen(BufferedInputStream.java:162)
	at java.io.BufferedInputStream.read1(BufferedInputStream.java:280)
	at java.io.BufferedInputStream.read(BufferedInputStream.java:334)
	at java.io.FilterInputStream.read(FilterInputStream.java:107)
	at org.gradle.process.internal.streams.ExecOutputHandleRunner.run(ExecOutputHandleRunner.java:51)
	at org.gradle.internal.concurrent.ExecutorPolicy$CatchAndRecordFailures.onExecute(ExecutorPolicy.java:63)
	at org.gradle.internal.concurrent.StoppableExecutorImpl$1.run(StoppableExecutorImpl.java:46)
	at java.util.concurrent.ThreadPoolExecutor.runWorker(ThreadPoolExecutor.java:1145)
	at java.util.concurrent.ThreadPoolExecutor$Worker.run(ThreadPoolExecutor.java:615)
	at java.lang.Thread.run(Thread.java:745)
